<?xml version="1.0" encoding="UTF-8"?>
<!-- Generated by org.testng.reporters.JUnitReportReporter -->
<testsuite skipped="0" hostname="BDC6-DX-87H3N62" name="testNGdemos.casestudy" tests="1" failures="0" timestamp="24 Jan 2020 03:33:04 GMT" time="0.009" errors="0">
  <testcase name="f" time="0.009" classname="testNGdemos.casestudy"/>
</testsuite> <!-- testNGdemos.casestudy -->
