<?xml version="1.0" encoding="UTF-8"?>
<!-- Generated by org.testng.reporters.JUnitReportReporter -->
<testsuite skipped="0" hostname="BDC6-DX-87H3N62" name="testNGdemos.priority" tests="3" failures="0" timestamp="24 Jan 2020 03:41:45 GMT" time="0.026" errors="0">
  <testcase name="testGoogle" time="0.021" classname="testNGdemos.priority"/>
  <testcase name="testTwitter" time="0.004" classname="testNGdemos.priority"/>
  <testcase name="testFacebook" time="0.001" classname="testNGdemos.priority"/>
</testsuite> <!-- testNGdemos.priority -->
