<?xml version="1.0" encoding="UTF-8"?>
<!-- Generated by org.testng.reporters.JUnitReportReporter -->
<testsuite skipped="1" hostname="BDC6-DX-87H3N62" name="testNGdemos.sample" tests="4" failures="0" timestamp="21 Jan 2020 08:56:03 GMT" time="0.015" errors="0">
  <testcase name="validate_contact" time="0.005" classname="testNGdemos.sample"/>
  <testcase name="validate_support" time="0.006" classname="testNGdemos.sample"/>
  <testcase name="validate_Register" time="0.004" classname="testNGdemos.sample"/>
  <testcase name="validate_Sign_on" classname="testNGdemos.sample">
    <skipped/>
  </testcase> <!-- validate_Sign_on -->
</testsuite> <!-- testNGdemos.sample -->
