<?xml version="1.0" encoding="UTF-8"?>
<!-- Generated by org.testng.reporters.JUnitReportReporter -->
<testsuite skipped="0" hostname="BDC6-DX-87H3N62" name="testNGdemos.yahoo" tests="1" failures="0" timestamp="23 Jan 2020 04:59:01 GMT" time="0.009" errors="0">
  <testcase name="f" time="0.009" classname="testNGdemos.yahoo"/>
</testsuite> <!-- testNGdemos.yahoo -->
