<?xml version="1.0" encoding="UTF-8"?>
<!-- Generated by org.testng.reporters.JUnitReportReporter -->
<testsuite skipped="0" hostname="BDC6-DX-87H3N62" name="testNGdemos.group" tests="3" failures="0" timestamp="23 Jan 2020 04:32:19 GMT" time="0.023" errors="0">
  <testcase name="CarTest" time="0.017" classname="testNGdemos.group"/>
  <testcase name="Sedan1" time="0.004" classname="testNGdemos.group"/>
  <testcase name="Scooter2" time="0.002" classname="testNGdemos.group"/>
</testsuite> <!-- testNGdemos.group -->
