<?xml version="1.0" encoding="UTF-8"?>
<!-- Generated by org.testng.reporters.JUnitReportReporter -->
<testsuite skipped="1" hostname="BDC6-DX-87H3N62" name="testNGdemos.sampleTest" tests="1" failures="0" timestamp="21 Jan 2020 09:47:58 GMT" time="0.000" errors="0">
  <testcase name="DataInfo" time="0.000" classname="testNGdemos.sampleTest">
    <skipped/>
  </testcase> <!-- DataInfo -->
</testsuite> <!-- testNGdemos.sampleTest -->
