<?xml version="1.0" encoding="UTF-8"?>
<!-- Generated by org.testng.reporters.JUnitReportReporter -->
<testsuite skipped="0" hostname="BDC6-DX-87H3N62" name="testNGdemos.shift" tests="1" failures="0" timestamp="22 Jan 2020 10:17:07 GMT" time="22.606" errors="0">
  <testcase name="testdemoshop" time="22.606" classname="testNGdemos.shift"/>
</testsuite> <!-- testNGdemos.shift -->
