<?xml version="1.0" encoding="UTF-8"?>
<!-- Generated by org.testng.reporters.JUnitReportReporter -->
<testsuite skipped="0" hostname="BDC6-DX-87H3N62" name="testNGdemos.dataprovider" tests="3" failures="0" timestamp="24 Jan 2020 04:20:54 GMT" time="0.021" errors="0">
  <testcase name="testLogin" time="0.015" classname="testNGdemos.dataprovider"/>
  <testcase name="testLogin" time="0.004" classname="testNGdemos.dataprovider"/>
  <testcase name="testLogin" time="0.002" classname="testNGdemos.dataprovider"/>
</testsuite> <!-- testNGdemos.dataprovider -->
